#
# There is insufficient memory for the Java Runtime Environment to continue.
# Native memory allocation (mmap) failed to map 266338304 bytes for Failed to commit area from 0x0000000702200000 to 0x0000000712000000 of length 266338304.
# Possible reasons:
#   The system is out of physical RAM or swap space
#   The process is running with CompressedOops enabled, and the Java Heap may be blocking the growth of the native heap
# Possible solutions:
#   Reduce memory load on the system
#   Increase physical memory or swap space
#   Check if swap backing store is full
#   Decrease Java heap size (-Xmx/-Xms)
#   Decrease number of Java threads
#   Decrease Java thread stack sizes (-Xss)
#   Set larger code cache with -XX:ReservedCodeCacheSize=
# This output file may be truncated or incomplete.
#
#  Out of Memory Error (./open/src/hotspot/os/windows/os_windows.cpp:3275), pid=6308, tid=2308
#
# JRE version:  (11.0.9+7) (build )
# Java VM: Java HotSpot(TM) 64-Bit Server VM (11.0.9+7-LTS, mixed mode, sharing, tiered, compressed oops, g1 gc, windows-amd64)
# No core dump will be written. Minidumps are not enabled by default on client versions of Windows
#

---------------  S U M M A R Y ------------

Command Line: -javaagent:C:\Program Files\JetBrains\IntelliJ IDEA Community Edition 2020.3\lib\idea_rt.jar=10065:C:\Program Files\JetBrains\IntelliJ IDEA Community Edition 2020.3\bin -Dfile.encoding=UTF-8 Main

Host: Intel(R) Core(TM) i5-4570 CPU @ 3.20GHz, 4 cores, 15G,  Windows 10 , 64 bit Build 17763 (10.0.17763.475)
Time: Sat Mar  6 21:22:52 2021 RTZ 2 (ceia) elapsed time: 0.018538 seconds (0d 0h 0m 0s)

---------------  T H R E A D  ---------------

Current thread (0x0000024642aa6800):  JavaThread "Unknown thread" [_thread_in_vm, id=2308, stack(0x0000004e05b00000,0x0000004e05c00000)]

Stack: [0x0000004e05b00000,0x0000004e05c00000]
Native frames: (J=compiled Java code, j=interpreted, Vv=VM code, C=native code)
V  [jvm.dll+0x611a3a]
V  [jvm.dll+0x748aaf]
V  [jvm.dll+0x74a135]
V  [jvm.dll+0x74a7b3]
V  [jvm.dll+0x2439f8]
V  [jvm.dll+0x60eeda]
V  [jvm.dll+0x603de5]
V  [jvm.dll+0x2f785c]
V  [jvm.dll+0x2f76e2]
V  [jvm.dll+0x2fc396]
V  [jvm.dll+0x33e1df]
V  [jvm.dll+0x33dc10]
V  [jvm.dll+0x2d5aa8]
V  [jvm.dll+0x2d6c06]
V  [jvm.dll+0x724927]
V  [jvm.dll+0x7261cf]
V  [jvm.dll+0x34af59]
V  [jvm.dll+0x70a4a0]
V  [jvm.dll+0x3b415f]
V  [jvm.dll+0x3b6201]
C  [jli.dll+0x520b]
C  [ucrtbase.dll+0x2268a]
C  [KERNEL32.DLL+0x17974]
C  [ntdll.dll+0x6a271]


---------------  P R O C E S S  ---------------

Threads class SMR info:
_java_thread_list=0x0000024642875b90, length=0, elements={
}

Java Threads: ( => current thread )

Other Threads:
  0x0000024642abb000 GCTaskThread "GC Thread#0" [stack: 0x0000004e05c00000,0x0000004e05d00000] [id=636]
  0x0000024642b18000 ConcurrentGCThread "G1 Main Marker" [stack: 0x0000004e05d00000,0x0000004e05e00000] [id=7704]
  0x0000024642b1c800 ConcurrentGCThread "G1 Conc#0" [stack: 0x0000004e05e00000,0x0000004e05f00000] [id=1396]

[error occurred during error reporting (printing all threads), id 0xc0000005, EXCEPTION_ACCESS_VIOLATION (0xc0000005) at pc=0x00007ffd167f42a7]

VM state:not at safepoint (not fully initialized)

VM Mutex/Monitor currently owned by a thread:  ([mutex/lock_event])
[0x0000024642aa49b0] Heap_lock - owner thread: 0x0000024642aa6800

Heap address: 0x0000000702200000, size: 4062 MB, Compressed Oops mode: Non-zero based: 0x0000000702200000
Narrow klass base: 0x0000000000000000, Narrow klass shift: 0

GC Heap History (0 events):
No events

Deoptimization events (0 events):
No events

Classes redefined (0 events):
No events

Internal exceptions (0 events):
No events

Events (0 events):
No events


Dynamic libraries:
0x00007ff61cf00000 - 0x00007ff61cf0f000 	C:\Program Files\Java\jdk-11.0.9\bin\java.exe
0x00007ffd78f30000 - 0x00007ffd7911d000 	C:\Windows\SYSTEM32\ntdll.dll
0x00007ffd77970000 - 0x00007ffd77a23000 	C:\Windows\System32\KERNEL32.DLL
0x00007ffd755b0000 - 0x00007ffd75845000 	C:\Windows\System32\KERNELBASE.dll
0x00007ffd76050000 - 0x00007ffd7614a000 	C:\Windows\System32\ucrtbase.dll
0x00007ffd62740000 - 0x00007ffd62758000 	C:\Program Files\Java\jdk-11.0.9\bin\jli.dll
0x00007ffd76300000 - 0x00007ffd763a3000 	C:\Windows\System32\ADVAPI32.dll
0x00007ffd77c70000 - 0x00007ffd77d0e000 	C:\Windows\System32\msvcrt.dll
0x00007ffd78320000 - 0x00007ffd783be000 	C:\Windows\System32\sechost.dll
0x00007ffd78c80000 - 0x00007ffd78da2000 	C:\Windows\System32\RPCRT4.dll
0x00007ffd76160000 - 0x00007ffd762f7000 	C:\Windows\System32\USER32.dll
0x00007ffd75590000 - 0x00007ffd755b0000 	C:\Windows\System32\win32u.dll
0x00007ffd782f0000 - 0x00007ffd78319000 	C:\Windows\System32\GDI32.dll
0x00007ffd75390000 - 0x00007ffd7552c000 	C:\Windows\System32\gdi32full.dll
0x00007ffd75fb0000 - 0x00007ffd76050000 	C:\Windows\System32\msvcp_win.dll
0x00007ffd62760000 - 0x00007ffd62775000 	C:\Program Files\Java\jdk-11.0.9\bin\VCRUNTIME140.dll
0x00007ffd62b80000 - 0x00007ffd62df9000 	C:\Windows\WinSxS\amd64_microsoft.windows.common-controls_6595b64144ccf1df_6.0.17763.1518_none_de6e2bd0534e2567\COMCTL32.dll
0x00007ffd77fc0000 - 0x00007ffd782ed000 	C:\Windows\System32\combase.dll
0x00007ffd751c0000 - 0x00007ffd7523e000 	C:\Windows\System32\bcryptPrimitives.dll
0x00007ffd6dea0000 - 0x00007ffd6deaa000 	C:\Windows\SYSTEM32\VERSION.dll
0x00007ffd77a30000 - 0x00007ffd77a5e000 	C:\Windows\System32\IMM32.DLL
0x00007ffd479d0000 - 0x00007ffd47a6b000 	C:\Program Files\Java\jdk-11.0.9\bin\msvcp140.dll
0x00007ffd16510000 - 0x00007ffd17007000 	C:\Program Files\Java\jdk-11.0.9\bin\server\jvm.dll
0x00007ffd77e80000 - 0x00007ffd77e88000 	C:\Windows\System32\PSAPI.DLL
0x00007ffd73020000 - 0x00007ffd73029000 	C:\Windows\SYSTEM32\WSOCK32.dll
0x00007ffd72fd0000 - 0x00007ffd72ff4000 	C:\Windows\SYSTEM32\WINMM.dll
0x00007ffd78e30000 - 0x00007ffd78e9d000 	C:\Windows\System32\WS2_32.dll
0x00007ffd72f70000 - 0x00007ffd72f9d000 	C:\Windows\SYSTEM32\WINMMBASE.dll
0x00007ffd75240000 - 0x00007ffd7528a000 	C:\Windows\System32\cfgmgr32.dll
0x00007ffd74f90000 - 0x00007ffd74fa1000 	C:\Windows\System32\kernel.appcore.dll
0x00007ffd6e660000 - 0x00007ffd6e670000 	C:\Program Files\Java\jdk-11.0.9\bin\verify.dll
0x00007ffd6aee0000 - 0x00007ffd6b0cd000 	C:\Windows\SYSTEM32\DBGHELP.DLL
0x00007ffd6c470000 - 0x00007ffd6c49a000 	C:\Windows\SYSTEM32\dbgcore.DLL
0x00007ffd4c110000 - 0x00007ffd4c138000 	C:\Program Files\Java\jdk-11.0.9\bin\java.dll
0x00007ffd6e360000 - 0x00007ffd6e36a000 	C:\Program Files\Java\jdk-11.0.9\bin\jimage.dll
0x00007ffd6e280000 - 0x00007ffd6e28e000 	C:\Program Files\Java\jdk-11.0.9\bin\instrument.dll
0x00007ffd513e0000 - 0x00007ffd513f6000 	C:\Program Files\Java\jdk-11.0.9\bin\zip.dll

dbghelp: loaded successfully - version: 4.0.5 - missing functions: none
symbol engine: initialized successfully - sym options: 0x614 - pdb path: .;C:\Program Files\Java\jdk-11.0.9\bin;C:\Windows\SYSTEM32;C:\Windows\WinSxS\amd64_microsoft.windows.common-controls_6595b64144ccf1df_6.0.17763.1518_none_de6e2bd0534e2567;C:\Program Files\Java\jdk-11.0.9\bin\server

VM Arguments:
jvm_args: -javaagent:C:\Program Files\JetBrains\IntelliJ IDEA Community Edition 2020.3\lib\idea_rt.jar=10065:C:\Program Files\JetBrains\IntelliJ IDEA Community Edition 2020.3\bin -Dfile.encoding=UTF-8 
java_command: Main
java_class_path (initial): C:\Users\Ренат\IdeaProjects\HomeWork5\out\production\HomeWork5
Launcher Type: SUN_STANDARD

[Global flags]
     intx CICompilerCount                          = 3                                         {product} {ergonomic}
     uint ConcGCThreads                            = 1                                         {product} {ergonomic}
     uint G1ConcRefinementThreads                  = 4                                         {product} {ergonomic}
   size_t G1HeapRegionSize                         = 1048576                                   {product} {ergonomic}
    uintx GCDrainStackTargetSize                   = 64                                        {product} {ergonomic}
   size_t InitialHeapSize                          = 266338304                                 {product} {ergonomic}
   size_t MarkStackSize                            = 4194304                                   {product} {ergonomic}
   size_t MaxHeapSize                              = 4259315712                                {product} {ergonomic}
   size_t MinHeapDeltaBytes                        = 1048576                                   {product} {ergonomic}
    uintx NonNMethodCodeHeapSize                   = 5830732                                {pd product} {ergonomic}
    uintx NonProfiledCodeHeapSize                  = 122913754                              {pd product} {ergonomic}
    uintx ProfiledCodeHeapSize                     = 122913754                              {pd product} {ergonomic}
    uintx ReservedCodeCacheSize                    = 251658240                              {pd product} {ergonomic}
     bool SegmentedCodeCache                       = true                                      {product} {ergonomic}
     bool UseCompressedClassPointers               = true                                 {lp64_product} {ergonomic}
     bool UseCompressedOops                        = true                                 {lp64_product} {ergonomic}
     bool UseG1GC                                  = true                                      {product} {ergonomic}
     bool UseLargePagesIndividualAllocation        = false                                  {pd product} {ergonomic}

Logging:
Log output configuration:
 #0: stdout all=warning uptime,level,tags
 #1: stderr all=off uptime,level,tags

Environment Variables:
PATH=C:\Program Files\Common Files\Oracle\Java\javapath;C:\Program Files (x86)\Common Files\Oracle\Java\javapath;C:\Windows\system32;C:\Windows;C:\Windows\System32\Wbem;C:\Windows\System32\WindowsPowerShell\v1.0\;C:\Windows\System32\OpenSSH\;C:\Program Files\Git\cmd;C:\Program Files (x86)\NVIDIA Corporation\PhysX\Common;C:\Program Files\NVIDIA Corporation\NVIDIA NvDLISR;C:\Program Files\MySQL\MySQL Utilities 1.6\;C:\Program Files\MySQL\MySQL Shell 8.0\bin\;C:\Users\Ренат\AppData\Local\Microsoft\WindowsApps;C:\Users\Ренат\AppData\Local\GitHubDesktop\bin
USERNAME=Ренат
OS=Windows_NT
PROCESSOR_IDENTIFIER=Intel64 Family 6 Model 60 Stepping 3, GenuineIntel



---------------  S Y S T E M  ---------------

OS: Windows 10 , 64 bit Build 17763 (10.0.17763.475)

CPU:total 4 (initial active 4) (4 cores per cpu, 1 threads per core) family 6 model 60 stepping 3, cmov, cx8, fxsr, mmx, sse, sse2, sse3, ssse3, sse4.1, sse4.2, popcnt, avx, avx2, aes, clmul, erms, lzcnt, tsc, tscinvbit, bmi1, bmi2, fma

Memory: 4k page, system-wide physical 16240M (6785M free)
TotalPageFile size 22240M (AvailPageFile size 93M)
current process WorkingSet (physical memory assigned to process): 9M, peak: 9M
current process commit charge ("private bytes"): 52M, peak: 306M

vm_info: Java HotSpot(TM) 64-Bit Server VM (11.0.9+7-LTS) for windows-amd64 JRE (11.0.9+7-LTS), built on Sep 15 2020 16:47:03 by "mach5one" with MS VC++ 15.9 (VS2017)

END.
